[26/06/2026 13:06] Nenhuma alteração encontrada. Nada a enviar.
[26/06/2026 13:06] Nenhuma alteração encontrada. Nada a enviar.
[main 2315b0a] auto-save: 26/06/2026 21:43
 13 files changed, 375 insertions(+), 348 deletions(-)
 create mode 100644 backups/auto-sync-error.log
 create mode 100644 backups/auto-sync.log
 create mode 100644 public/images/login/classico_drip_transparent.png
 create mode 100644 public/images/login/intenso_grao_transparent.png
 create mode 100644 public/images/login/logo_card.png
 create mode 100644 public/images/login/logo_white.png
 create mode 100644 public/images/login/solos_vulcanicos_transparent.png
 create mode 100755 scripts/auto-sync.sh
To https://github.com/ccarlos1981/coffee_mais.git
   d87ab3c..2315b0a  main -> main
[26/06/2026 21:43] ✅ Alterações enviadas com sucesso para o GitHub.
[27/06/2026 07:32] Nenhuma alteração encontrada. Nada a enviar.
[main 7b86973] auto-save: 27/06/2026 10:32
 15 files changed, 434 insertions(+), 93 deletions(-)
To https://github.com/ccarlos1981/coffee_mais.git
   a744fda..7b86973  main -> main
[27/06/2026 10:32] ✅ Alterações enviadas com sucesso para o GitHub.
[main 65d6e51] auto-save: 28/06/2026 08:35
 9 files changed, 7406 insertions(+), 132 deletions(-)
To https://github.com/ccarlos1981/coffee_mais.git
   7b86973..65d6e51  main -> main
[28/06/2026 08:35] ✅ Alterações enviadas com sucesso para o GitHub.
[main 15d5cc8] auto-save: 28/06/2026 11:52
 10 files changed, 2554 insertions(+), 9 deletions(-)
 create mode 100644 src/app/api/metas-promotor/route.ts
 create mode 100644 src/app/metas-promotor/page.tsx
 create mode 100644 src/app/promotor/desafio/page.tsx
 create mode 100644 src/lib/metasPromotorTheme.ts
To https://github.com/ccarlos1981/coffee_mais.git
   65d6e51..15d5cc8  main -> main
[28/06/2026 11:52] ✅ Alterações enviadas com sucesso para o GitHub.
[main 696ec40] auto-save: 28/06/2026 14:52
 1 file changed, 9 insertions(+)
To https://github.com/ccarlos1981/coffee_mais.git
   15d5cc8..696ec40  main -> main
[28/06/2026 14:52] ✅ Alterações enviadas com sucesso para o GitHub.
[main e0eb049] auto-save: 29/06/2026 06:18
 17 files changed, 1563 insertions(+), 498 deletions(-)
 create mode 100644 public/images/treinamento/fluxograma_aprovacao.png
 create mode 100644 public/images/treinamento/infografico_recuperacao.png
 create mode 100644 public/images/treinamento/infografico_regra_bonus.png
 create mode 100644 src/app/api/promotor/desafio/route.ts
 create mode 100644 src/app/api/remuneracao-promotor/route.ts
 create mode 100644 src/app/gente-gestao/remuneracao-promotor/page.tsx
 create mode 100644 src/app/treinamento/manuais/manual_remuneracao_promotor.md
 create mode 100644 src/app/treinamento/manuais/manual_remuneracao_rh.md
 create mode 100644 src/app/treinamento/manuais/manual_remuneracao_supervisor.md
 create mode 100644 src/lib/engines/challenge-engine.ts
To https://github.com/ccarlos1981/coffee_mais.git
   696ec40..e0eb049  main -> main
[29/06/2026 06:18] ✅ Alterações enviadas com sucesso para o GitHub.
[main 3863f92] auto-save: 29/06/2026 09:18
 16 files changed, 11077 insertions(+), 4 deletions(-)
 create mode 100644 public/pdf.min.js
 create mode 100644 public/pdf.worker.min.js
 create mode 100644 public/uploads/processos/instrucao_viagem_corporativa.pdf
 create mode 100644 src/app/api/processos/[id]/leitura/route.ts
 create mode 100644 src/app/api/processos/[id]/route.ts
 create mode 100644 src/app/api/processos/import/route.ts
 create mode 100644 src/app/api/processos/pendencias/route.ts
 create mode 100644 src/app/api/processos/route.ts
 create mode 100644 src/app/processos/[id]/page.tsx
 create mode 100644 src/app/processos/page.tsx
 create mode 100644 src/components/PdfViewer.tsx
To https://github.com/ccarlos1981/coffee_mais.git
   e0eb049..3863f92  main -> main
[29/06/2026 09:18] ✅ Alterações enviadas com sucesso para o GitHub.
[main acaf915] auto-save: 29/06/2026 12:33
 7 files changed, 322 insertions(+), 163 deletions(-)
To https://github.com/ccarlos1981/coffee_mais.git
   3863f92..acaf915  main -> main
[29/06/2026 12:33] ✅ Alterações enviadas com sucesso para o GitHub.
[main 5baadcb] auto-save: 29/06/2026 17:07
 1 file changed, 5 insertions(+)
To https://github.com/ccarlos1981/coffee_mais.git
   acaf915..5baadcb  main -> main
[29/06/2026 17:07] ✅ Alterações enviadas com sucesso para o GitHub.
[main aab7d2e] auto-save: 29/06/2026 20:07
 6 files changed, 198 insertions(+), 19 deletions(-)
To https://github.com/ccarlos1981/coffee_mais.git
   5baadcb..aab7d2e  main -> main
[29/06/2026 20:07] ✅ Alterações enviadas com sucesso para o GitHub.
[main 02c138c] auto-save: 30/06/2026 00:21
 4 files changed, 270 insertions(+), 63 deletions(-)
To https://github.com/ccarlos1981/coffee_mais.git
   aab7d2e..02c138c  main -> main
[30/06/2026 00:21] ✅ Alterações enviadas com sucesso para o GitHub.
[main 909b66b] auto-save: 30/06/2026 05:04
 11 files changed, 7639 insertions(+), 70 deletions(-)
 create mode 100644 sql/add_sem_boleto_to_investimento.sql
To https://github.com/ccarlos1981/coffee_mais.git
   02c138c..909b66b  main -> main
[30/06/2026 05:04] ✅ Alterações enviadas com sucesso para o GitHub.
[main 5f131be] auto-save: 30/06/2026 15:36
 17 files changed, 1754 insertions(+), 18 deletions(-)
 create mode 100644 sql/migration_bigquery_sync.sql
 create mode 100644 src/app/api/bigquery/sync-faturamento/route.ts
 create mode 100644 src/app/api/cron/sync-bigquery/route.ts
 create mode 100644 src/components/SyncStatusWidget.tsx
 create mode 100644 src/lib/bigquery.ts
fatal: unable to access 'https://github.com/ccarlos1981/coffee_mais.git/': Could not resolve host: github.com
[30/06/2026 15:36] ❌ Erro ao enviar para o GitHub. Verifique a conexão.
[main affde6b] auto-save: 30/06/2026 18:40
 2 files changed, 369 insertions(+)
To https://github.com/ccarlos1981/coffee_mais.git
   909b66b..affde6b  main -> main
[30/06/2026 18:40] ✅ Alterações enviadas com sucesso para o GitHub.
[main cac621f] auto-save: 01/07/2026 00:21
 9 files changed, 273 insertions(+), 47 deletions(-)
To https://github.com/ccarlos1981/coffee_mais.git
   affde6b..cac621f  main -> main
[01/07/2026 00:21] ✅ Alterações enviadas com sucesso para o GitHub.
[main a66bb5a] auto-save: 01/07/2026 08:27
 8 files changed, 7335 insertions(+), 34 deletions(-)
To https://github.com/ccarlos1981/coffee_mais.git
   cac621f..a66bb5a  main -> main
[01/07/2026 08:27] ✅ Alterações enviadas com sucesso para o GitHub.
[01/07/2026 11:41] Nenhuma alteração encontrada. Nada a enviar.
