result is not defined
ReferenceError: result is not defined
    at GET (/Users/cristiano/Projetos/Coffe Mais/.next/dev/server/chunks/[root-of-the-server]__0qp-0mr._.js:599:20)
    at process.processTicksAndRejections (node:internal/process/task_queues:104:5)
    at async AppRouteRouteModule.do (/Users/cristiano/Projetos/Coffe Mais/node_modules/next/dist/compiled/next-server/app-route-turbo.runtime.dev.js:5:40115)
    at async AppRouteRouteModule.handle (/Users/cristiano/Projetos/Coffe Mais/node_modules/next/dist/compiled/next-server/app-route-turbo.runtime.dev.js:5:47321)
    at async responseGenerator (/Users/cristiano/Projetos/Coffe Mais/.next/dev/server/chunks/node_modules_next_0xlc15c._.js:17684:38)
    at async AppRouteRouteModule.handleResponse (/Users/cristiano/Projetos/Coffe Mais/node_modules/next/dist/compiled/next-server/app-route-turbo.runtime.dev.js:1:227216)
    at async handleResponse (/Users/cristiano/Projetos/Coffe Mais/.next/dev/server/chunks/node_modules_next_0xlc15c._.js:17747:32)
    at async Module.handler (/Users/cristiano/Projetos/Coffe Mais/.next/dev/server/chunks/node_modules_next_0xlc15c._.js:17801:13)
    at async DevServer.renderToResponseWithComponentsImpl (/Users/cristiano/Projetos/Coffe Mais/node_modules/next/dist/server/base-server.js:1454:9)
    at async DevServer.renderPageComponent (/Users/cristiano/Projetos/Coffe Mais/node_modules/next/dist/server/base-server.js:1506:24)
    at async DevServer.renderToResponseImpl (/Users/cristiano/Projetos/Coffe Mais/node_modules/next/dist/server/base-server.js:1556:32)
    at async DevServer.pipeImpl (/Users/cristiano/Projetos/Coffe Mais/node_modules/next/dist/server/base-server.js:1043:25)
    at async NextNodeServer.handleCatchallRenderRequest (/Users/cristiano/Projetos/Coffe Mais/node_modules/next/dist/server/next-server.js:338:17)
    at async DevServer.handleRequestImpl (/Users/cristiano/Projetos/Coffe Mais/node_modules/next/dist/server/base-server.js:934:17)
    at async /Users/cristiano/Projetos/Coffe Mais/node_modules/next/dist/server/dev/next-dev-server.js:394:20
    at async Span.traceAsyncFn (/Users/cristiano/Projetos/Coffe Mais/node_modules/next/dist/trace/trace.js:164:20)
    at async DevServer.handleRequest (/Users/cristiano/Projetos/Coffe Mais/node_modules/next/dist/server/dev/next-dev-server.js:390:24)
    at async invokeRender (/Users/cristiano/Projetos/Coffe Mais/node_modules/next/dist/server/lib/router-server.js:266:21)
    at async handleRequest (/Users/cristiano/Projetos/Coffe Mais/node_modules/next/dist/server/lib/router-server.js:465:24)
    at async requestHandlerImpl (/Users/cristiano/Projetos/Coffe Mais/node_modules/next/dist/server/lib/router-server.js:514:13)
    at async Server.requestListener (/Users/cristiano/Projetos/Coffe Mais/node_modules/next/dist/server/lib/start-server.js:225:13)